<?xml version="1.0" encoding="UTF-8"?>
<!-- Generated by org.testng.reporters.JUnitXMLReporter -->
<testsuite hostname="Jondi" ignored="0" name="Test" tests="8" failures="0" timestamp="2021-12-01T21:08:41 IST" time="39.113" errors="0">
  <testcase name="loginTest" time="1.234" classname="testCase.WebTest"/>
  <testcase name="CreateUserTest" time="11.058" classname="testCase.WebTest"/>
  <testcase name="EditUserTest" time="1.018" classname="testCase.WebTest"/>
  <testcase name="DeleteUserTest" time="0.503" classname="testCase.WebTest"/>
  <testcase name="SoftAssertTest" time="0.591" classname="testCase.WebTest"/>
  <testcase name="DataSourceTest" time="0.734" classname="testCase.WebTest"/>
  <testcase name="SeveniconTest" time="0.026" classname="testCase.WebTest"/>
  <testcase name="SikuliTest" time="17.583" classname="testCase.WebTest"/>
</testsuite> <!-- Test -->
