<?xml version="1.0" encoding="UTF-8"?>
<!-- Generated by org.testng.reporters.JUnitXMLReporter -->
<testsuite hostname="Jondi" ignored="0" name="Test" tests="8" failures="0" timestamp="2021-12-01T17:13:36 IST" time="37.151" errors="0">
  <testcase name="loginTest" time="2.147" classname="testCase.WebTest"/>
  <testcase name="CreateUserTest" time="2.311" classname="testCase.WebTest"/>
  <testcase name="EditUserTest" time="0.935" classname="testCase.WebTest"/>
  <testcase name="DeleteUserTest" time="1.579" classname="testCase.WebTest"/>
  <testcase name="SoftAssertTest" time="1.167" classname="testCase.WebTest"/>
  <testcase name="DataSourceTest" time="2.724" classname="testCase.WebTest"/>
  <testcase name="SeveniconTest" time="0.023" classname="testCase.WebTest"/>
  <testcase name="SikuliTest" time="8.998" classname="testCase.WebTest"/>
</testsuite> <!-- Test -->
